<?xml version="1.0" encoding="UTF-8"?>
<testng-results skipped="0" failed="0" total="1" passed="1">
  <reporter-output>
  </reporter-output>
  <suite name="Default suite" duration-ms="13901" started-at="2019-08-12T04:26:32Z" finished-at="2019-08-12T04:26:46Z">
    <groups>
    </groups>
    <test name="Default test" duration-ms="13901" started-at="2019-08-12T04:26:32Z" finished-at="2019-08-12T04:26:46Z">
      <class name="MicroServices.CodeTestSelenium.ExtractText">
        <test-method status="PASS" signature="Extract_Placeholdertext()[pri:0, instance:MicroServices.CodeTestSelenium.ExtractText@fc185]" name="Extract_Placeholdertext" duration-ms="13852" started-at="2019-08-12T09:56:33Z" finished-at="2019-08-12T09:56:46Z">
          <reporter-output>
          </reporter-output>
        </test-method> <!-- Extract_Placeholdertext -->
      </class> <!-- MicroServices.CodeTestSelenium.ExtractText -->
    </test> <!-- Default test -->
  </suite> <!-- Default suite -->
</testng-results>
